<?xml version="1.0" encoding="UTF-8"?>
<!-- Generated by org.testng.reporters.JUnitReportReporter -->
<testsuite hostname="Tushar" failures="0" tests="1" name="men.AddTshirtToCart" time="8.256" errors="0" timestamp="2025-04-07T14:01:53 IST" skipped="0">
  <testcase classname="men.AddTshirtToCart" name="addTshirtToCart" time="8.256"/>
  <system-out/>
</testsuite> <!-- men.AddTshirtToCart -->
